10:50:50.226 [main] ERROR io.github.bonigarcia.wdm.online.HttpClient - Error HTTP 404 executing https://chromedriver.storage.googleapis.com/LATEST_RELEASE_136
10:50:50.230 [main] WARN  io.github.bonigarcia.wdm.versions.VersionDetector - Exception reading https://chromedriver.storage.googleapis.com/LATEST_RELEASE_136 to get latest version of chromedriver (Error HTTP 404 executing https://chromedriver.storage.googleapis.com/LATEST_RELEASE_136)
10:50:50.307 [main] INFO  io.github.bonigarcia.wdm.WebDriverManager - Exporting webdriver.chrome.driver as /home/dev/.cache/selenium/chromedriver/linux64/114.0.5735.90/chromedriver
12:52:35.909 [AsyncHttpClient-1-4] WARN  org.asynchttpclient.netty.handler.WebSocketHandler - onError
java.net.SocketException: Connection reset
	at sun.nio.ch.SocketChannelImpl.throwConnectionReset(SocketChannelImpl.java:394) ~[?:?]
	at sun.nio.ch.SocketChannelImpl.read(SocketChannelImpl.java:426) ~[?:?]
	at io.netty.buffer.PooledByteBuf.setBytes(PooledByteBuf.java:256) ~[netty-buffer-4.1.92.Final.jar:4.1.92.Final]
	at io.netty.buffer.AbstractByteBuf.writeBytes(AbstractByteBuf.java:1132) ~[netty-buffer-4.1.92.Final.jar:4.1.92.Final]
	at io.netty.channel.socket.nio.NioSocketChannel.doReadBytes(NioSocketChannel.java:357) ~[netty-transport-4.1.92.Final.jar:4.1.92.Final]
	at io.netty.channel.nio.AbstractNioByteChannel$NioByteUnsafe.read(AbstractNioByteChannel.java:151) ~[netty-transport-4.1.92.Final.jar:4.1.92.Final]
	at io.netty.channel.nio.NioEventLoop.processSelectedKey(NioEventLoop.java:788) ~[netty-transport-4.1.92.Final.jar:4.1.92.Final]
	at io.netty.channel.nio.NioEventLoop.processSelectedKeysOptimized(NioEventLoop.java:724) ~[netty-transport-4.1.92.Final.jar:4.1.92.Final]
	at io.netty.channel.nio.NioEventLoop.processSelectedKeys(NioEventLoop.java:650) ~[netty-transport-4.1.92.Final.jar:4.1.92.Final]
	at io.netty.channel.nio.NioEventLoop.run(NioEventLoop.java:562) ~[netty-transport-4.1.92.Final.jar:4.1.92.Final]
	at io.netty.util.concurrent.SingleThreadEventExecutor$4.run(SingleThreadEventExecutor.java:997) ~[netty-common-4.1.92.Final.jar:4.1.92.Final]
	at io.netty.util.internal.ThreadExecutorMap$2.run(ThreadExecutorMap.java:74) ~[netty-common-4.1.92.Final.jar:4.1.92.Final]
	at io.netty.util.concurrent.FastThreadLocalRunnable.run(FastThreadLocalRunnable.java:30) ~[netty-common-4.1.92.Final.jar:4.1.92.Final]
	at java.lang.Thread.run(Thread.java:840) ~[?:?]
14:13:57.273 [main] ERROR com.take_home.pages.GuruPage - Failed to stop page loading: no such window: target window already closed
from unknown error: web view not found
  (Session info: chrome=136.0.7103.92)
Build info: version: '4.10.0', revision: 'c14d967899'
System info: os.name: 'Linux', os.arch: 'amd64', os.version: '5.15.167.4-microsoft-standard-WSL2', java.version: '17.0.15'
Driver info: org.openqa.selenium.chrome.ChromeDriver
Command: [2ffc1476fb8f759a5feddd57af2659cf, executeScript {script=window.stop();, args=[]}]
Capabilities {acceptInsecureCerts: false, browserName: chrome, browserVersion: 136.0.7103.92, chrome: {chromedriverVersion: 136.0.7103.92 (cb81a4cc5087..., userDataDir: /tmp/.org.chromium.Chromium...}, fedcm:accounts: true, goog:chromeOptions: {debuggerAddress: localhost:37737}, networkConnectionEnabled: false, pageLoadStrategy: normal, platformName: linux, proxy: Proxy(), se:cdp: ws://localhost:37737/devtoo..., se:cdpVersion: 136.0.7103.92, setWindowRect: true, strictFileInteractability: false, timeouts: {implicit: 0, pageLoad: 300000, script: 30000}, unhandledPromptBehavior: dismiss and notify, webauthn:extension:credBlob: true, webauthn:extension:largeBlob: true, webauthn:extension:minPinLength: true, webauthn:extension:prf: true, webauthn:virtualAuthenticators: true}
Session ID: 2ffc1476fb8f759a5feddd57af2659cf
14:14:13.661 [main] WARN  com.take_home.pages.GuruPage - Page elements not fully loaded, continuing anyway
14:17:07.064 [main] ERROR com.take_home.tests.BaseTest - Failed to handle iframe: invalid session id: session deleted as the browser has closed the connection
from disconnected: unable to send message to renderer
  (Session info: chrome=136.0.7103.92)
Build info: version: '4.10.0', revision: 'c14d967899'
System info: os.name: 'Linux', os.arch: 'amd64', os.version: '5.15.167.4-microsoft-standard-WSL2', java.version: '17.0.15'
Driver info: org.openqa.selenium.chrome.ChromeDriver
Command: [75c9b6ba952ec04d242e8f4bddacac9e, findElement {using=id, value=a077aa5e}]
Capabilities {acceptInsecureCerts: false, browserName: chrome, browserVersion: 136.0.7103.92, chrome: {chromedriverVersion: 136.0.7103.92 (cb81a4cc5087..., userDataDir: /tmp/.org.chromium.Chromium...}, fedcm:accounts: true, goog:chromeOptions: {debuggerAddress: localhost:33331}, networkConnectionEnabled: false, pageLoadStrategy: normal, platformName: linux, proxy: Proxy(), se:cdp: ws://localhost:33331/devtoo..., se:cdpVersion: 136.0.7103.92, setWindowRect: true, strictFileInteractability: false, timeouts: {implicit: 0, pageLoad: 300000, script: 30000}, unhandledPromptBehavior: dismiss and notify, webauthn:extension:credBlob: true, webauthn:extension:largeBlob: true, webauthn:extension:minPinLength: true, webauthn:extension:prf: true, webauthn:virtualAuthenticators: true}
Session ID: 75c9b6ba952ec04d242e8f4bddacac9e
14:17:07.070 [main] ERROR com.take_home.tests.BaseTest - Failed to handle tabs: invalid session id
Build info: version: '4.10.0', revision: 'c14d967899'
System info: os.name: 'Linux', os.arch: 'amd64', os.version: '5.15.167.4-microsoft-standard-WSL2', java.version: '17.0.15'
Driver info: org.openqa.selenium.chrome.ChromeDriver
Command: [75c9b6ba952ec04d242e8f4bddacac9e, getWindowHandles {}]
Capabilities {acceptInsecureCerts: false, browserName: chrome, browserVersion: 136.0.7103.92, chrome: {chromedriverVersion: 136.0.7103.92 (cb81a4cc5087..., userDataDir: /tmp/.org.chromium.Chromium...}, fedcm:accounts: true, goog:chromeOptions: {debuggerAddress: localhost:33331}, networkConnectionEnabled: false, pageLoadStrategy: normal, platformName: linux, proxy: Proxy(), se:cdp: ws://localhost:33331/devtoo..., se:cdpVersion: 136.0.7103.92, setWindowRect: true, strictFileInteractability: false, timeouts: {implicit: 0, pageLoad: 300000, script: 30000}, unhandledPromptBehavior: dismiss and notify, webauthn:extension:credBlob: true, webauthn:extension:largeBlob: true, webauthn:extension:minPinLength: true, webauthn:extension:prf: true, webauthn:virtualAuthenticators: true}
Session ID: 75c9b6ba952ec04d242e8f4bddacac9e
14:17:07.075 [main] ERROR com.take_home.tests.BaseTest - Email submission failed: invalid session id
Build info: version: '4.10.0', revision: 'c14d967899'
System info: os.name: 'Linux', os.arch: 'amd64', os.version: '5.15.167.4-microsoft-standard-WSL2', java.version: '17.0.15'
Driver info: org.openqa.selenium.chrome.ChromeDriver
Command: [75c9b6ba952ec04d242e8f4bddacac9e, findElement {using=xpath, value=//h3[contains(text(), 'Email Submission')]}]
Capabilities {acceptInsecureCerts: false, browserName: chrome, browserVersion: 136.0.7103.92, chrome: {chromedriverVersion: 136.0.7103.92 (cb81a4cc5087..., userDataDir: /tmp/.org.chromium.Chromium...}, fedcm:accounts: true, goog:chromeOptions: {debuggerAddress: localhost:33331}, networkConnectionEnabled: false, pageLoadStrategy: normal, platformName: linux, proxy: Proxy(), se:cdp: ws://localhost:33331/devtoo..., se:cdpVersion: 136.0.7103.92, setWindowRect: true, strictFileInteractability: false, timeouts: {implicit: 0, pageLoad: 300000, script: 30000}, unhandledPromptBehavior: dismiss and notify, webauthn:extension:credBlob: true, webauthn:extension:largeBlob: true, webauthn:extension:minPinLength: true, webauthn:extension:prf: true, webauthn:virtualAuthenticators: true}
Session ID: 75c9b6ba952ec04d242e8f4bddacac9e
14:19:23.667 [main] INFO  com.take_home.tests.BaseTest - Email submitted
14:19:23.697 [main] INFO  com.take_home.tests.BaseTest - Alert text: Form Submitted Successfully...
14:19:26.865 [main] INFO  com.take_home.tests.BaseTest - Navigated to tooltip page
14:19:26.909 [main] INFO  com.take_home.tests.BaseTest - Download button present: true
14:19:33.823 [main] INFO  com.take_home.tests.BaseTest - Email submitted
14:19:33.861 [main] INFO  com.take_home.tests.BaseTest - Alert text: Form Submitted Successfully...
14:19:39.363 [main] INFO  com.take_home.tests.BaseTest - Navigated to tooltip page
14:19:39.400 [main] INFO  com.take_home.tests.BaseTest - Download button present: true
14:23:15.696 [main] INFO  com.take_home.tests.BaseTest - Email submitted
14:23:15.727 [main] INFO  com.take_home.tests.BaseTest - Alert text: Form Submitted Successfully...
14:23:20.401 [main] INFO  com.take_home.tests.BaseTest - Navigated to tooltip page
14:23:20.453 [main] INFO  com.take_home.tests.BaseTest - Download button present: true
14:25:33.991 [main] INFO  com.take_home.tests.BaseTest - Email submitted
14:25:34.023 [main] INFO  com.take_home.tests.BaseTest - Alert text: Form Submitted Successfully...
14:25:39.048 [main] ERROR com.take_home.tests.BaseTest - Navigation to tooltip page failed: timeout: Timed out receiving message from renderer: 5.000
  (Session info: chrome=136.0.7103.92)
Build info: version: '4.10.0', revision: 'c14d967899'
System info: os.name: 'Linux', os.arch: 'amd64', os.version: '5.15.167.4-microsoft-standard-WSL2', java.version: '17.0.15'
Driver info: org.openqa.selenium.chrome.ChromeDriver
Command: [cd5028360899ad5b41dacf4c3742898e, findElement {using=xpath, value=//a[contains(text(),'Selenium') and contains(@class,'dropdown-toggle')]}]
Capabilities {acceptInsecureCerts: false, browserName: chrome, browserVersion: 136.0.7103.92, chrome: {chromedriverVersion: 136.0.7103.92 (cb81a4cc5087..., userDataDir: /tmp/.org.chromium.Chromium...}, fedcm:accounts: true, goog:chromeOptions: {debuggerAddress: localhost:33759}, networkConnectionEnabled: false, pageLoadStrategy: normal, platformName: linux, proxy: Proxy(), se:cdp: ws://localhost:33759/devtoo..., se:cdpVersion: 136.0.7103.92, setWindowRect: true, strictFileInteractability: false, timeouts: {implicit: 0, pageLoad: 300000, script: 30000}, unhandledPromptBehavior: dismiss and notify, webauthn:extension:credBlob: true, webauthn:extension:largeBlob: true, webauthn:extension:minPinLength: true, webauthn:extension:prf: true, webauthn:virtualAuthenticators: true}
Session ID: cd5028360899ad5b41dacf4c3742898e
15:28:37.525 [main] INFO  com.take_home.pages.GuruPage - Switched to iframe by ID
15:29:16.465 [main] INFO  com.take_home.pages.GuruPage - Switched to iframe by ID
15:29:50.114 [main] INFO  com.take_home.pages.GuruPage - Switched to iframe by ID
15:30:09.712 [main] INFO  com.take_home.pages.GuruPage - Switched to iframe by ID
15:31:27.339 [main] INFO  com.take_home.pages.GuruPage - Switched to iframe by ID
15:32:02.454 [main] INFO  com.take_home.pages.GuruPage - Switched to iframe by ID
15:32:03.137 [main] INFO  com.take_home.pages.GuruPage - Clicked iframe image using @FindBy locator
15:43:07.904 [main] INFO  com.take_home.tests.BaseTest - Leanne Graham | Sincere@april.biz
15:43:07.905 [main] INFO  com.take_home.tests.BaseTest - Ervin Howell | Shanna@melissa.tv
15:43:07.905 [main] INFO  com.take_home.tests.BaseTest - Clementine Bauch | Nathan@yesenia.net
15:43:07.906 [main] INFO  com.take_home.tests.BaseTest - Patricia Lebsack | Julianne.OConner@kory.org
15:43:07.906 [main] INFO  com.take_home.tests.BaseTest - Chelsey Dietrich | Lucio_Hettinger@annie.ca
15:43:07.906 [main] INFO  com.take_home.tests.BaseTest - Mrs. Dennis Schulist | Karley_Dach@jasper.info
15:43:07.906 [main] INFO  com.take_home.tests.BaseTest - Kurtis Weissnat | Telly.Hoeger@billy.biz
15:43:07.906 [main] INFO  com.take_home.tests.BaseTest - Nicholas Runolfsdottir V | Sherwood@rosamond.me
15:43:07.906 [main] INFO  com.take_home.tests.BaseTest - Glenna Reichert | Chaim_McDermott@dana.io
15:43:07.907 [main] INFO  com.take_home.tests.BaseTest - Clementina DuBuque | Rey.Padberg@karina.biz
15:53:10.010 [main] INFO  com.take_home.tests.BaseTest - ==== STARTING TEST: testPurchaseProcess() ====
15:53:18.229 [main] INFO  com.take_home.tests.BaseTest - ==== COMPLETED TEST: testPurchaseProcess() ====
15:53:21.248 [main] INFO  com.take_home.tests.BaseTest - ==== STARTING TEST: testIFrameTabHandling() ====
15:53:36.754 [main] INFO  com.take_home.pages.GuruPage - Switched to iframe by ID
15:53:37.404 [main] INFO  com.take_home.pages.GuruPage - Clicked iframe image using @FindBy locator
15:53:42.389 [main] INFO  com.take_home.tests.BaseTest - ==== COMPLETED TEST: testIFrameTabHandling() ====
15:53:42.493 [main] INFO  com.take_home.tests.BaseTest - ==== STARTING TEST: testRestApi() ====
15:53:43.279 [main] INFO  com.take_home.tests.BaseTest - Leanne Graham | Sincere@april.biz
15:53:43.280 [main] INFO  com.take_home.tests.BaseTest - Ervin Howell | Shanna@melissa.tv
15:53:43.280 [main] INFO  com.take_home.tests.BaseTest - Clementine Bauch | Nathan@yesenia.net
15:53:43.280 [main] INFO  com.take_home.tests.BaseTest - Patricia Lebsack | Julianne.OConner@kory.org
15:53:43.280 [main] INFO  com.take_home.tests.BaseTest - Chelsey Dietrich | Lucio_Hettinger@annie.ca
15:53:43.280 [main] INFO  com.take_home.tests.BaseTest - Mrs. Dennis Schulist | Karley_Dach@jasper.info
15:53:43.280 [main] INFO  com.take_home.tests.BaseTest - Kurtis Weissnat | Telly.Hoeger@billy.biz
15:53:43.280 [main] INFO  com.take_home.tests.BaseTest - Nicholas Runolfsdottir V | Sherwood@rosamond.me
15:53:43.281 [main] INFO  com.take_home.tests.BaseTest - Glenna Reichert | Chaim_McDermott@dana.io
15:53:43.281 [main] INFO  com.take_home.tests.BaseTest - Clementina DuBuque | Rey.Padberg@karina.biz
15:53:43.281 [main] INFO  com.take_home.tests.BaseTest - ==== COMPLETED TEST: testRestApi() ====
15:53:43.384 [main] INFO  com.take_home.tests.BaseTest - ==== STARTING TEST: testErrorMessagesAndFooter() ====
15:53:44.754 [main] INFO  com.take_home.tests.BaseTest - ==== COMPLETED TEST: testErrorMessagesAndFooter() ====
15:54:25.608 [main] INFO  com.take_home.tests.BaseTest - ==== STARTING TEST: testIFrameTabHandling() ====
15:54:34.150 [main] INFO  com.take_home.pages.GuruPage - Switched to iframe by ID
15:54:34.790 [main] INFO  com.take_home.pages.GuruPage - Clicked iframe image using @FindBy locator
15:54:37.745 [main] INFO  com.take_home.tests.BaseTest - ==== COMPLETED TEST: testIFrameTabHandling() ====
15:55:09.441 [main] INFO  com.take_home.tests.BaseTest - ==== STARTING TEST: testIFrameTabHandling() ====
15:55:14.863 [main] INFO  com.take_home.pages.GuruPage - Switched to iframe by ID
15:55:15.532 [main] INFO  com.take_home.pages.GuruPage - Clicked iframe image using @FindBy locator
15:55:15.621 [main] INFO  com.take_home.tests.BaseTest - ==== COMPLETED TEST: testIFrameTabHandling() ====
15:55:33.283 [main] INFO  com.take_home.tests.BaseTest - ==== STARTING TEST: testIFrameTabHandling() ====
15:55:37.927 [main] INFO  com.take_home.pages.GuruPage - Switched to iframe by ID
15:55:38.586 [main] INFO  com.take_home.pages.GuruPage - Clicked iframe image using @FindBy locator
15:55:38.739 [main] INFO  com.take_home.tests.BaseTest - ==== COMPLETED TEST: testIFrameTabHandling() ====
15:56:16.356 [main] INFO  com.take_home.tests.BaseTest - ==== STARTING TEST: testIFrameTabHandling() ====
15:56:20.276 [main] INFO  com.take_home.pages.GuruPage - Switched to iframe by ID
15:56:20.953 [main] INFO  com.take_home.pages.GuruPage - Clicked iframe image using @FindBy locator
15:56:21.053 [main] INFO  com.take_home.tests.BaseTest - ==== COMPLETED TEST: testIFrameTabHandling() ====
15:59:22.122 [main] INFO  com.take_home.tests.BaseTest - ==== STARTING TEST: testIFrameTabHandling() ====
15:59:29.992 [main] INFO  com.take_home.tests.BaseTest - Attempting to interact with iframe.
15:59:30.053 [main] INFO  com.take_home.pages.GuruPage - Switched to iframe by ID
15:59:30.715 [main] INFO  com.take_home.pages.GuruPage - Clicked iframe image using @FindBy locator
15:59:30.744 [main] INFO  com.take_home.pages.GuruPage - Switched to new tab
15:59:30.747 [main] INFO  com.take_home.pages.GuruPage - Number of tabs open: 2
15:59:30.807 [main] INFO  com.take_home.pages.GuruPage - Closed tab and switched to main window
15:59:31.031 [main] INFO  com.take_home.tests.BaseTest - Alert text: Form Submitted Successfully...
15:59:34.615 [main] INFO  com.take_home.tests.BaseTest - ==== COMPLETED TEST: testIFrameTabHandling() ====
16:01:09.029 [main] INFO  com.take_home.tests.BaseTest - ==== STARTING TEST: testIFrameTabHandling() ====
16:01:10.459 [main] INFO  com.take_home.tests.BaseTest - Page load strategy set to EAGER for this test.
16:01:10.882 [main] INFO  com.take_home.tests.BaseTest - Attempting to interact with iframe.
16:01:10.944 [main] INFO  com.take_home.pages.GuruPage - Switched to iframe by ID
16:01:11.625 [main] INFO  com.take_home.pages.GuruPage - Clicked iframe image using @FindBy locator
16:01:11.656 [main] INFO  com.take_home.pages.GuruPage - Switched to new tab
16:01:11.658 [main] INFO  com.take_home.pages.GuruPage - Number of tabs open: 2
16:01:11.719 [main] INFO  com.take_home.pages.GuruPage - Closed tab and switched to main window
16:01:11.960 [main] INFO  com.take_home.tests.BaseTest - Alert text: Form Submitted Successfully...
16:01:12.684 [main] INFO  com.take_home.tests.BaseTest - ==== COMPLETED TEST: testIFrameTabHandling() ====
16:03:21.684 [main] INFO  com.take_home.tests.BaseTest - ==== STARTING TEST: testPurchaseProcess() ====
16:03:29.228 [main] INFO  com.take_home.tests.BaseTest - ==== COMPLETED TEST: testPurchaseProcess() ====
16:03:29.246 [AsyncHttpClient-1-4] WARN  org.asynchttpclient.netty.handler.WebSocketHandler - onError
java.net.SocketException: Connection reset
	at sun.nio.ch.SocketChannelImpl.throwConnectionReset(SocketChannelImpl.java:394) ~[?:?]
	at sun.nio.ch.SocketChannelImpl.read(SocketChannelImpl.java:426) ~[?:?]
	at io.netty.buffer.PooledByteBuf.setBytes(PooledByteBuf.java:256) ~[netty-buffer-4.1.92.Final.jar:4.1.92.Final]
	at io.netty.buffer.AbstractByteBuf.writeBytes(AbstractByteBuf.java:1132) ~[netty-buffer-4.1.92.Final.jar:4.1.92.Final]
	at io.netty.channel.socket.nio.NioSocketChannel.doReadBytes(NioSocketChannel.java:357) ~[netty-transport-4.1.92.Final.jar:4.1.92.Final]
	at io.netty.channel.nio.AbstractNioByteChannel$NioByteUnsafe.read(AbstractNioByteChannel.java:151) ~[netty-transport-4.1.92.Final.jar:4.1.92.Final]
	at io.netty.channel.nio.NioEventLoop.processSelectedKey(NioEventLoop.java:788) ~[netty-transport-4.1.92.Final.jar:4.1.92.Final]
	at io.netty.channel.nio.NioEventLoop.processSelectedKeysOptimized(NioEventLoop.java:724) ~[netty-transport-4.1.92.Final.jar:4.1.92.Final]
	at io.netty.channel.nio.NioEventLoop.processSelectedKeys(NioEventLoop.java:650) ~[netty-transport-4.1.92.Final.jar:4.1.92.Final]
	at io.netty.channel.nio.NioEventLoop.run(NioEventLoop.java:562) ~[netty-transport-4.1.92.Final.jar:4.1.92.Final]
	at io.netty.util.concurrent.SingleThreadEventExecutor$4.run(SingleThreadEventExecutor.java:997) ~[netty-common-4.1.92.Final.jar:4.1.92.Final]
	at io.netty.util.internal.ThreadExecutorMap$2.run(ThreadExecutorMap.java:74) ~[netty-common-4.1.92.Final.jar:4.1.92.Final]
	at io.netty.util.concurrent.FastThreadLocalRunnable.run(FastThreadLocalRunnable.java:30) ~[netty-common-4.1.92.Final.jar:4.1.92.Final]
	at java.lang.Thread.run(Thread.java:840) ~[?:?]
16:03:32.185 [main] INFO  com.take_home.tests.BaseTest - ==== STARTING TEST: testIFrameTabHandling() ====
16:03:32.803 [main] INFO  com.take_home.tests.BaseTest - Page load strategy set to EAGER for this test.
16:03:33.264 [main] INFO  com.take_home.tests.BaseTest - Attempting to interact with iframe.
16:03:33.324 [main] INFO  com.take_home.pages.GuruPage - Switched to iframe by ID
16:03:33.988 [main] INFO  com.take_home.pages.GuruPage - Clicked iframe image using @FindBy locator
16:03:34.007 [main] INFO  com.take_home.pages.GuruPage - Switched to new tab
16:03:34.008 [main] INFO  com.take_home.pages.GuruPage - Number of tabs open: 2
16:03:34.020 [main] INFO  com.take_home.pages.GuruPage - Closed tab and switched to main window
16:03:34.238 [main] INFO  com.take_home.tests.BaseTest - Alert text: Form Submitted Successfully...
16:03:34.913 [main] INFO  com.take_home.tests.BaseTest - ==== COMPLETED TEST: testIFrameTabHandling() ====
16:03:34.915 [main] INFO  com.take_home.tests.BaseTest - ==== STARTING TEST: testRestApi() ====
16:03:35.656 [main] INFO  com.take_home.tests.BaseTest - Leanne Graham | Sincere@april.biz
16:03:35.656 [main] INFO  com.take_home.tests.BaseTest - Ervin Howell | Shanna@melissa.tv
16:03:35.657 [main] INFO  com.take_home.tests.BaseTest - Clementine Bauch | Nathan@yesenia.net
16:03:35.657 [main] INFO  com.take_home.tests.BaseTest - Patricia Lebsack | Julianne.OConner@kory.org
16:03:35.657 [main] INFO  com.take_home.tests.BaseTest - Chelsey Dietrich | Lucio_Hettinger@annie.ca
16:03:35.657 [main] INFO  com.take_home.tests.BaseTest - Mrs. Dennis Schulist | Karley_Dach@jasper.info
16:03:35.657 [main] INFO  com.take_home.tests.BaseTest - Kurtis Weissnat | Telly.Hoeger@billy.biz
16:03:35.657 [main] INFO  com.take_home.tests.BaseTest - Nicholas Runolfsdottir V | Sherwood@rosamond.me
16:03:35.657 [main] INFO  com.take_home.tests.BaseTest - Glenna Reichert | Chaim_McDermott@dana.io
16:03:35.658 [main] INFO  com.take_home.tests.BaseTest - Clementina DuBuque | Rey.Padberg@karina.biz
16:03:35.658 [main] INFO  com.take_home.tests.BaseTest - ==== COMPLETED TEST: testRestApi() ====
16:03:35.762 [main] INFO  com.take_home.tests.BaseTest - ==== STARTING TEST: testErrorMessagesAndFooter() ====
16:03:37.095 [main] INFO  com.take_home.tests.BaseTest - ==== COMPLETED TEST: testErrorMessagesAndFooter() ====
16:16:13.407 [main] INFO  com.take_home.tests.BaseTest - ==== STARTING TEST: testPurchaseProcess() ====
16:16:13.410 [main] INFO  com.take_home.config.ConfigReader - Configuration loaded successfully with 9 properties
16:16:13.410 [main] WARN  com.take_home.config.DriverManager - Invalid page load strategy: normal, using default: {}.
16:16:13.410 [main] INFO  com.take_home.config.DriverManager - Initializing chrome driver with headless: true, page load strategy: normal.
16:16:14.314 [main] INFO  com.take_home.config.DriverManager - Driver initialized with implicit wait of 10 seconds.
16:16:14.431 [main] INFO  com.take_home.pages.BasePage - Opening URL: https://www.saucedemo.com
16:16:21.802 [main] INFO  com.take_home.tests.BaseTest - ==== COMPLETED TEST: testPurchaseProcess() ====
16:16:21.910 [main] INFO  com.take_home.config.DriverManager - Driver quit and reset to null
16:16:21.915 [main] INFO  com.take_home.config.DriverManager - Initializing chrome driver with headless: true, page load strategy: normal.
16:16:22.340 [main] INFO  com.take_home.config.DriverManager - Driver initialized with implicit wait of 10 seconds.
16:16:22.341 [main] INFO  com.take_home.pages.BasePage - Opening URL: https://onlinehtmleditor.dev
16:16:24.725 [main] INFO  com.take_home.tests.BaseTest - ==== STARTING TEST: testIFrameTabHandling() ====
16:16:24.726 [main] INFO  com.take_home.config.DriverManager - Setting page load strategy from normal to eager
16:16:24.833 [main] INFO  com.take_home.config.DriverManager - Driver quit and reset to null
16:16:24.833 [main] INFO  com.take_home.config.DriverManager - Initializing chrome driver with headless: true, page load strategy: eager.
16:16:25.193 [main] INFO  com.take_home.config.DriverManager - Driver initialized with implicit wait of 10 seconds.
16:16:25.193 [main] INFO  com.take_home.tests.BaseTest - Page load strategy set to EAGER for this test.
16:16:25.194 [main] INFO  com.take_home.pages.GuruPage - Opening URL: https://demo.guru99.com/test/guru99home
16:16:25.644 [main] INFO  com.take_home.tests.BaseTest - Attempting to interact with iframe.
16:16:25.779 [main] INFO  com.take_home.pages.GuruPage - Switched to iframe by ID
16:16:26.411 [main] INFO  com.take_home.pages.GuruPage - Clicked iframe image using @FindBy locator
16:16:26.430 [main] INFO  com.take_home.pages.GuruPage - Switched to new tab
16:16:26.432 [main] INFO  com.take_home.pages.GuruPage - Number of tabs open: 2
16:16:26.442 [main] INFO  com.take_home.pages.GuruPage - Closed tab and switched to main window
16:16:26.679 [main] INFO  com.take_home.tests.BaseTest - Alert text: Form Submitted Successfully...
16:16:27.177 [main] INFO  com.take_home.config.DriverManager - Setting page load strategy from eager to normal
16:16:27.278 [main] INFO  com.take_home.config.DriverManager - Driver quit and reset to null
16:16:27.279 [main] INFO  com.take_home.tests.BaseTest - ==== COMPLETED TEST: testIFrameTabHandling() ====
16:16:27.281 [main] INFO  com.take_home.tests.BaseTest - ==== STARTING TEST: testRestApi() ====
16:16:27.281 [main] INFO  com.take_home.config.DriverManager - Initializing chrome driver with headless: true, page load strategy: normal.
16:16:27.678 [main] INFO  com.take_home.config.DriverManager - Driver initialized with implicit wait of 10 seconds.
16:16:27.989 [main] INFO  com.take_home.tests.BaseTest - Leanne Graham | Sincere@april.biz
16:16:27.989 [main] INFO  com.take_home.tests.BaseTest - Ervin Howell | Shanna@melissa.tv
16:16:27.989 [main] INFO  com.take_home.tests.BaseTest - Clementine Bauch | Nathan@yesenia.net
16:16:27.989 [main] INFO  com.take_home.tests.BaseTest - Patricia Lebsack | Julianne.OConner@kory.org
16:16:27.989 [main] INFO  com.take_home.tests.BaseTest - Chelsey Dietrich | Lucio_Hettinger@annie.ca
16:16:27.989 [main] INFO  com.take_home.tests.BaseTest - Mrs. Dennis Schulist | Karley_Dach@jasper.info
16:16:27.990 [main] INFO  com.take_home.tests.BaseTest - Kurtis Weissnat | Telly.Hoeger@billy.biz
16:16:27.990 [main] INFO  com.take_home.tests.BaseTest - Nicholas Runolfsdottir V | Sherwood@rosamond.me
16:16:27.990 [main] INFO  com.take_home.tests.BaseTest - Glenna Reichert | Chaim_McDermott@dana.io
16:16:27.990 [main] INFO  com.take_home.tests.BaseTest - Clementina DuBuque | Rey.Padberg@karina.biz
16:16:27.990 [main] INFO  com.take_home.tests.BaseTest - ==== COMPLETED TEST: testRestApi() ====
16:16:28.095 [main] INFO  com.take_home.config.DriverManager - Driver quit and reset to null
16:16:28.098 [main] INFO  com.take_home.tests.BaseTest - ==== STARTING TEST: testErrorMessagesAndFooter() ====
16:16:28.098 [main] INFO  com.take_home.config.DriverManager - Initializing chrome driver with headless: true, page load strategy: normal.
16:16:28.491 [main] INFO  com.take_home.config.DriverManager - Driver initialized with implicit wait of 10 seconds.
16:16:28.491 [main] INFO  com.take_home.pages.BasePage - Opening URL: https://www.saucedemo.com
16:16:29.287 [main] INFO  com.take_home.tests.BaseTest - ==== COMPLETED TEST: testErrorMessagesAndFooter() ====
16:16:29.388 [main] INFO  com.take_home.config.DriverManager - Driver quit and reset to null
16:32:06.333 [main] INFO  com.take_home.tests.BaseTest - ==== STARTING TEST: testPurchaseProcess() ====
16:32:06.337 [main] INFO  com.take_home.config.ConfigReader - Configuration loaded successfully with 9 properties
16:32:06.337 [main] WARN  com.take_home.config.DriverManager - Invalid page load strategy: normal, using default: {}.
16:32:06.337 [main] INFO  com.take_home.config.DriverManager - Initializing chrome driver with headless: true, page load strategy: normal.
16:32:07.321 [main] INFO  com.take_home.config.DriverManager - Driver initialized with implicit wait of 10 seconds.
16:32:07.424 [main] INFO  com.take_home.pages.BasePage - Opening URL: https://www.saucedemo.com
16:32:13.895 [main] INFO  com.take_home.tests.BaseTest - ==== COMPLETED TEST: testPurchaseProcess() ====
16:32:13.999 [main] INFO  com.take_home.config.DriverManager - Driver quit and reset to null
16:32:14.003 [main] INFO  com.take_home.config.DriverManager - Initializing chrome driver with headless: true, page load strategy: normal.
16:32:14.366 [main] INFO  com.take_home.config.DriverManager - Driver initialized with implicit wait of 10 seconds.
16:32:14.366 [main] INFO  com.take_home.pages.BasePage - Opening URL: https://onlinehtmleditor.dev
16:32:16.801 [main] INFO  com.take_home.tests.BaseTest - ==== STARTING TEST: testIFrameTabHandling() ====
16:32:16.801 [main] INFO  com.take_home.config.DriverManager - Setting page load strategy from normal to eager
16:32:16.903 [main] INFO  com.take_home.config.DriverManager - Driver quit and reset to null
16:32:16.903 [main] INFO  com.take_home.config.DriverManager - Initializing chrome driver with headless: true, page load strategy: eager.
16:32:17.287 [main] INFO  com.take_home.config.DriverManager - Driver initialized with implicit wait of 10 seconds.
16:32:17.287 [main] INFO  com.take_home.tests.BaseTest - Page load strategy set to EAGER for this test.
16:32:17.288 [main] INFO  com.take_home.pages.GuruPage - Opening URL: https://demo.guru99.com/test/guru99home
16:32:17.740 [main] INFO  com.take_home.tests.BaseTest - Attempting to interact with iframe.
16:32:17.857 [main] INFO  com.take_home.pages.GuruPage - Switched to iframe by ID
16:32:18.494 [main] INFO  com.take_home.pages.GuruPage - Clicked iframe image using @FindBy locator
16:32:18.508 [main] INFO  com.take_home.pages.GuruPage - Switched to new tab
16:32:18.509 [main] INFO  com.take_home.pages.GuruPage - Number of tabs open: 2
16:32:18.519 [main] INFO  com.take_home.pages.GuruPage - Closed tab and switched to main window
16:32:18.773 [main] INFO  com.take_home.tests.BaseTest - Alert text: Form Submitted Successfully...
16:32:19.255 [main] INFO  com.take_home.config.DriverManager - Setting page load strategy from eager to normal
16:32:19.356 [main] INFO  com.take_home.config.DriverManager - Driver quit and reset to null
16:32:19.357 [main] INFO  com.take_home.tests.BaseTest - ==== COMPLETED TEST: testIFrameTabHandling() ====
16:32:19.360 [main] INFO  com.take_home.tests.BaseTest - ==== STARTING TEST: testRestApi() ====
16:32:19.360 [main] INFO  com.take_home.config.DriverManager - Initializing chrome driver with headless: true, page load strategy: normal.
16:32:19.763 [main] INFO  com.take_home.config.DriverManager - Driver initialized with implicit wait of 10 seconds.
16:32:20.198 [main] INFO  com.take_home.tests.BaseTest - Leanne Graham | Sincere@april.biz
16:32:20.198 [main] INFO  com.take_home.tests.BaseTest - Ervin Howell | Shanna@melissa.tv
16:32:20.198 [main] INFO  com.take_home.tests.BaseTest - Clementine Bauch | Nathan@yesenia.net
16:32:20.199 [main] INFO  com.take_home.tests.BaseTest - Patricia Lebsack | Julianne.OConner@kory.org
16:32:20.199 [main] INFO  com.take_home.tests.BaseTest - Chelsey Dietrich | Lucio_Hettinger@annie.ca
16:32:20.199 [main] INFO  com.take_home.tests.BaseTest - Mrs. Dennis Schulist | Karley_Dach@jasper.info
16:32:20.199 [main] INFO  com.take_home.tests.BaseTest - Kurtis Weissnat | Telly.Hoeger@billy.biz
16:32:20.199 [main] INFO  com.take_home.tests.BaseTest - Nicholas Runolfsdottir V | Sherwood@rosamond.me
16:32:20.200 [main] INFO  com.take_home.tests.BaseTest - Glenna Reichert | Chaim_McDermott@dana.io
16:32:20.200 [main] INFO  com.take_home.tests.BaseTest - Clementina DuBuque | Rey.Padberg@karina.biz
16:32:20.200 [main] INFO  com.take_home.tests.BaseTest - ==== COMPLETED TEST: testRestApi() ====
16:32:20.302 [main] INFO  com.take_home.config.DriverManager - Driver quit and reset to null
16:32:20.305 [main] INFO  com.take_home.tests.BaseTest - ==== STARTING TEST: testErrorMessagesAndFooter() ====
16:32:20.305 [main] INFO  com.take_home.config.DriverManager - Initializing chrome driver with headless: true, page load strategy: normal.
16:32:20.664 [main] INFO  com.take_home.config.DriverManager - Driver initialized with implicit wait of 10 seconds.
16:32:20.665 [main] INFO  com.take_home.pages.BasePage - Opening URL: https://www.saucedemo.com
16:32:21.492 [main] INFO  com.take_home.tests.BaseTest - ==== COMPLETED TEST: testErrorMessagesAndFooter() ====
16:32:21.593 [main] INFO  com.take_home.config.DriverManager - Driver quit and reset to null
16:41:01.750 [main] INFO  com.take_home.tests.BaseTest - ==== STARTING TEST: testPurchaseProcess() ====
16:41:01.752 [main] INFO  com.take_home.config.ConfigReader - Configuration loaded successfully with 9 properties
16:41:01.752 [main] WARN  com.take_home.config.DriverManager - Invalid page load strategy: normal, using default: {}.
16:41:01.753 [main] INFO  com.take_home.config.DriverManager - Initializing chrome driver with headless: true, page load strategy: normal.
16:41:02.538 [main] INFO  com.take_home.config.DriverManager - Driver initialized with implicit wait of 10 seconds.
16:41:02.539 [main] INFO  com.take_home.tests.BaseTest - STEP: Reading credentials from JSON file
16:41:02.623 [main] INFO  com.take_home.tests.BaseTest - STEP: Opening login page and logging in
16:41:02.633 [main] INFO  com.take_home.pages.BasePage - Opening URL: https://www.saucedemo.com
16:41:08.343 [main] INFO  com.take_home.tests.BaseTest - STEP: Adding items to cart
16:41:08.459 [main] INFO  com.take_home.tests.BaseTest - STEP: Validating cart item count
16:41:08.459 [main] INFO  com.take_home.tests.BaseTest - VALIDATION: Cart contains exactly 2 items
16:41:08.490 [main] INFO  com.take_home.tests.BaseTest - STEP: Proceeding to checkout
16:41:08.624 [main] INFO  com.take_home.tests.BaseTest - STEP: Completing checkout process
16:41:09.007 [main] INFO  com.take_home.tests.BaseTest - STEP: Validating order confirmation
16:41:09.035 [main] INFO  com.take_home.tests.BaseTest - VALIDATION: Order confirmation message is correct
16:41:09.038 [main] INFO  com.take_home.tests.BaseTest - ==== COMPLETED TEST: testPurchaseProcess() ====
16:41:09.141 [main] INFO  com.take_home.config.DriverManager - Driver quit and reset to null
16:41:09.147 [main] INFO  com.take_home.tests.BaseTest - ==== STARTING TEST: testRichTextEditor() ====
16:41:09.147 [main] INFO  com.take_home.config.DriverManager - Initializing chrome driver with headless: true, page load strategy: normal.
16:41:10.175 [main] INFO  com.take_home.config.DriverManager - Driver initialized with implicit wait of 10 seconds.
16:41:10.175 [main] INFO  com.take_home.tests.BaseTest - STEP: Opening rich text editor
16:41:10.176 [main] INFO  com.take_home.pages.BasePage - Opening URL: https://onlinehtmleditor.dev
16:41:11.144 [main] INFO  com.take_home.tests.BaseTest - STEP: Applying bold formatting and typing 'Automation'
16:41:11.971 [main] INFO  com.take_home.tests.BaseTest - STEP: Adding space between formatted texts
16:41:12.048 [main] INFO  com.take_home.tests.BaseTest - STEP: Applying underline formatting and typing 'Test'
16:41:12.309 [main] INFO  com.take_home.tests.BaseTest - STEP: Adding final text 'Example'
16:41:12.397 [main] INFO  com.take_home.tests.BaseTest - STEP: Validating formatted content
16:41:12.402 [main] INFO  com.take_home.tests.BaseTest - VALIDATION: Bold formatting is applied correctly
16:41:12.402 [main] INFO  com.take_home.tests.BaseTest - VALIDATION: Underline formatting is applied correctly
16:41:12.402 [main] INFO  com.take_home.tests.BaseTest - ==== COMPLETED TEST: testRichTextEditor() ====
16:41:12.503 [main] INFO  com.take_home.config.DriverManager - Driver quit and reset to null
16:41:12.505 [main] INFO  com.take_home.tests.BaseTest - ==== STARTING TEST: testIFrameTabHandling() ====
16:41:12.506 [main] INFO  com.take_home.config.DriverManager - Initializing chrome driver with headless: true, page load strategy: normal.
16:41:12.896 [main] INFO  com.take_home.config.DriverManager - Driver initialized with implicit wait of 10 seconds.
16:41:12.897 [main] INFO  com.take_home.config.DriverManager - Setting page load strategy from normal to eager
16:41:12.997 [main] INFO  com.take_home.config.DriverManager - Driver quit and reset to null
16:41:12.998 [main] INFO  com.take_home.config.DriverManager - Initializing chrome driver with headless: true, page load strategy: eager.
16:41:13.365 [main] INFO  com.take_home.config.DriverManager - Driver initialized with implicit wait of 10 seconds.
16:41:13.365 [main] INFO  com.take_home.tests.BaseTest - Page load strategy set to EAGER for this test.
16:41:13.365 [main] INFO  com.take_home.tests.BaseTest - STEP: Opening Guru99 home page
16:41:13.367 [main] INFO  com.take_home.pages.GuruPage - Opening URL: https://demo.guru99.com/test/guru99home
16:41:13.866 [main] INFO  com.take_home.tests.BaseTest - STEP: Attempting to interact with iframe
16:41:14.007 [main] INFO  com.take_home.pages.GuruPage - Switched to iframe by ID
16:41:14.641 [main] INFO  com.take_home.pages.GuruPage - Clicked iframe image using @FindBy locator
16:41:14.644 [main] INFO  com.take_home.tests.BaseTest - STEP: Handling new tab after iframe interaction
16:41:14.654 [main] INFO  com.take_home.pages.GuruPage - Switched to new tab
16:41:14.655 [main] INFO  com.take_home.pages.GuruPage - Number of tabs open: 2
16:41:14.747 [main] INFO  com.take_home.pages.GuruPage - Closed tab and switched to main window
16:41:14.747 [main] INFO  com.take_home.tests.BaseTest - STEP: Submitting email for validation
16:41:14.924 [main] INFO  com.take_home.tests.BaseTest - STEP: Validating alert message
16:41:14.948 [main] INFO  com.take_home.tests.BaseTest - VALIDATION: Alert text contains 'Successfully'
16:41:14.948 [main] INFO  com.take_home.tests.BaseTest - STEP: Navigating to tooltip page
16:41:15.373 [main] INFO  com.take_home.tests.BaseTest - STEP: Validating download button presence
16:41:15.373 [main] INFO  com.take_home.tests.BaseTest - VALIDATION: Download button is present on the page
16:41:15.398 [main] INFO  com.take_home.config.DriverManager - Setting page load strategy from eager to normal
16:41:15.499 [main] INFO  com.take_home.config.DriverManager - Driver quit and reset to null
16:41:15.500 [main] INFO  com.take_home.tests.BaseTest - ==== COMPLETED TEST: testIFrameTabHandling() ====
16:41:15.501 [main] INFO  com.take_home.tests.BaseTest - ==== STARTING TEST: testRestApi() ====
16:41:15.501 [main] INFO  com.take_home.config.DriverManager - Initializing chrome driver with headless: true, page load strategy: normal.
16:41:15.864 [main] INFO  com.take_home.config.DriverManager - Driver initialized with implicit wait of 10 seconds.
16:41:15.865 [main] INFO  com.take_home.tests.BaseTest - STEP: Sending GET request to users endpoint
16:41:16.082 [main] INFO  com.take_home.tests.BaseTest - STEP: Parsing response to JSON format
16:41:16.087 [main] INFO  com.take_home.tests.BaseTest - STEP: Logging user names and emails
16:41:16.088 [main] INFO  com.take_home.tests.BaseTest - Leanne Graham | Sincere@april.biz
16:41:16.088 [main] INFO  com.take_home.tests.BaseTest - Ervin Howell | Shanna@melissa.tv
16:41:16.088 [main] INFO  com.take_home.tests.BaseTest - Clementine Bauch | Nathan@yesenia.net
16:41:16.088 [main] INFO  com.take_home.tests.BaseTest - Patricia Lebsack | Julianne.OConner@kory.org
16:41:16.089 [main] INFO  com.take_home.tests.BaseTest - Chelsey Dietrich | Lucio_Hettinger@annie.ca
16:41:16.089 [main] INFO  com.take_home.tests.BaseTest - Mrs. Dennis Schulist | Karley_Dach@jasper.info
16:41:16.089 [main] INFO  com.take_home.tests.BaseTest - Kurtis Weissnat | Telly.Hoeger@billy.biz
16:41:16.089 [main] INFO  com.take_home.tests.BaseTest - Nicholas Runolfsdottir V | Sherwood@rosamond.me
16:41:16.089 [main] INFO  com.take_home.tests.BaseTest - Glenna Reichert | Chaim_McDermott@dana.io
16:41:16.089 [main] INFO  com.take_home.tests.BaseTest - Clementina DuBuque | Rey.Padberg@karina.biz
16:41:16.089 [main] INFO  com.take_home.tests.BaseTest - STEP: Validating email format
16:41:16.089 [main] INFO  com.take_home.tests.BaseTest - VALIDATION: First user's email contains @ symbol
16:41:16.090 [main] INFO  com.take_home.tests.BaseTest - ==== COMPLETED TEST: testRestApi() ====
16:41:16.191 [main] INFO  com.take_home.config.DriverManager - Driver quit and reset to null
16:41:16.192 [main] INFO  com.take_home.tests.BaseTest - ==== STARTING TEST: testErrorMessagesAndFooter() ====
16:41:16.193 [main] INFO  com.take_home.config.DriverManager - Initializing chrome driver with headless: true, page load strategy: normal.
16:41:16.533 [main] INFO  com.take_home.config.DriverManager - Driver initialized with implicit wait of 10 seconds.
16:41:16.533 [main] INFO  com.take_home.tests.BaseTest - STEP: Opening login page
16:41:16.533 [main] INFO  com.take_home.pages.BasePage - Opening URL: https://www.saucedemo.com
16:41:16.926 [main] INFO  com.take_home.tests.BaseTest - STEP: Clicking login button without entering credentials
16:41:17.005 [main] INFO  com.take_home.tests.BaseTest - STEP: Validating error message
16:41:17.031 [main] INFO  com.take_home.tests.BaseTest - VALIDATION: Error message is displayed correctly
16:41:17.031 [main] INFO  com.take_home.tests.BaseTest - STEP: Logging in with valid credentials
16:41:17.243 [main] INFO  com.take_home.tests.BaseTest - STEP: Checking footer text
16:41:17.275 [main] INFO  com.take_home.tests.BaseTest - VALIDATION: Footer contains required information
16:41:17.275 [main] INFO  com.take_home.tests.BaseTest - ==== COMPLETED TEST: testErrorMessagesAndFooter() ====
16:41:17.376 [main] INFO  com.take_home.config.DriverManager - Driver quit and reset to null
19:04:35.741 [main] INFO  com.take_home.tests.BaseTest - ==== STARTING TEST: testPurchaseProcess() ====
19:04:35.744 [main] INFO  com.take_home.config.ConfigReader - Configuration loaded successfully with 9 properties
19:04:35.744 [main] WARN  com.take_home.config.DriverManager - Invalid page load strategy: normal, using default: {}.
19:04:35.744 [main] INFO  com.take_home.config.DriverManager - Initializing chrome driver with headless: true, page load strategy: normal.
19:04:36.707 [main] INFO  com.take_home.config.DriverManager - Driver initialized with implicit wait of 10 seconds.
19:04:36.708 [main] INFO  com.take_home.tests.BaseTest - STEP: Reading credentials from JSON file
19:04:36.795 [main] INFO  com.take_home.tests.BaseTest - STEP: Opening login page and logging in
19:04:36.806 [main] INFO  com.take_home.pages.BasePage - Opening URL: https://www.saucedemo.com
19:04:42.628 [main] INFO  com.take_home.tests.BaseTest - STEP: Adding items to cart
19:04:42.740 [main] INFO  com.take_home.tests.BaseTest - STEP: Validating cart item count
19:04:42.740 [main] INFO  com.take_home.tests.BaseTest - VALIDATION: Cart contains exactly 2 items
19:04:42.771 [main] INFO  com.take_home.tests.BaseTest - STEP: Proceeding to checkout
19:04:42.901 [main] INFO  com.take_home.tests.BaseTest - STEP: Completing checkout process
19:04:43.275 [main] INFO  com.take_home.tests.BaseTest - STEP: Validating order confirmation
19:04:43.303 [main] INFO  com.take_home.tests.BaseTest - VALIDATION: Order confirmation message is correct
19:04:43.305 [main] INFO  com.take_home.tests.BaseTest - ==== COMPLETED TEST: testPurchaseProcess() ====
19:04:43.407 [main] INFO  com.take_home.config.DriverManager - Driver quit and reset to null
19:04:43.413 [main] INFO  com.take_home.tests.BaseTest - ==== STARTING TEST: testRichTextEditor() ====
19:04:43.413 [main] INFO  com.take_home.config.DriverManager - Initializing chrome driver with headless: true, page load strategy: normal.
19:04:43.833 [main] INFO  com.take_home.config.DriverManager - Driver initialized with implicit wait of 10 seconds.
19:04:43.834 [main] INFO  com.take_home.tests.BaseTest - STEP: Opening rich text editor
19:04:43.834 [main] INFO  com.take_home.pages.BasePage - Opening URL: https://onlinehtmleditor.dev
19:04:44.893 [main] INFO  com.take_home.tests.BaseTest - STEP: Applying bold formatting and typing 'Automation'
19:04:45.759 [main] INFO  com.take_home.tests.BaseTest - STEP: Adding space between formatted texts
19:04:45.838 [main] INFO  com.take_home.tests.BaseTest - STEP: Applying underline formatting and typing 'Test'
19:04:46.100 [main] INFO  com.take_home.tests.BaseTest - STEP: Adding final text 'Example'
19:04:46.190 [main] INFO  com.take_home.tests.BaseTest - STEP: Validating formatted content
19:04:46.195 [main] INFO  com.take_home.tests.BaseTest - VALIDATION: Bold formatting is applied correctly
19:04:46.195 [main] INFO  com.take_home.tests.BaseTest - VALIDATION: Underline formatting is applied correctly
19:04:46.196 [main] INFO  com.take_home.tests.BaseTest - ==== COMPLETED TEST: testRichTextEditor() ====
19:04:46.297 [main] INFO  com.take_home.config.DriverManager - Driver quit and reset to null
19:04:46.299 [main] INFO  com.take_home.tests.BaseTest - ==== STARTING TEST: testIFrameTabHandling() ====
19:04:46.299 [main] INFO  com.take_home.config.DriverManager - Initializing chrome driver with headless: true, page load strategy: normal.
19:04:46.685 [main] INFO  com.take_home.config.DriverManager - Driver initialized with implicit wait of 10 seconds.
19:04:46.685 [main] INFO  com.take_home.config.DriverManager - Setting page load strategy from normal to eager
19:04:46.786 [main] INFO  com.take_home.config.DriverManager - Driver quit and reset to null
19:04:46.786 [main] INFO  com.take_home.config.DriverManager - Initializing chrome driver with headless: true, page load strategy: eager.
19:04:47.150 [main] INFO  com.take_home.config.DriverManager - Driver initialized with implicit wait of 10 seconds.
19:04:47.150 [main] INFO  com.take_home.tests.BaseTest - Page load strategy set to EAGER for this test.
19:04:47.150 [main] INFO  com.take_home.tests.BaseTest - STEP: Opening Guru99 home page
19:04:47.151 [main] INFO  com.take_home.pages.GuruPage - Opening URL: https://demo.guru99.com/test/guru99home
19:04:47.666 [main] INFO  com.take_home.tests.BaseTest - STEP: Attempting to interact with iframe
19:04:47.734 [main] INFO  com.take_home.pages.GuruPage - Switched to iframe by ID
19:04:48.373 [main] INFO  com.take_home.pages.GuruPage - Clicked iframe image using @FindBy locator
19:04:48.380 [main] INFO  com.take_home.tests.BaseTest - STEP: Handling new tab after iframe interaction
19:04:48.391 [main] INFO  com.take_home.pages.GuruPage - Switched to new tab
19:04:48.392 [main] INFO  com.take_home.pages.GuruPage - Number of tabs open: 2
19:04:48.402 [main] INFO  com.take_home.pages.GuruPage - Closed tab and switched to main window
19:04:48.402 [main] INFO  com.take_home.tests.BaseTest - STEP: Submitting email for validation
19:04:48.673 [main] INFO  com.take_home.tests.BaseTest - STEP: Validating alert message
19:04:48.698 [main] INFO  com.take_home.tests.BaseTest - VALIDATION: Alert text contains 'Successfully'
19:04:48.698 [main] INFO  com.take_home.tests.BaseTest - STEP: Navigating to tooltip page
19:04:49.160 [main] INFO  com.take_home.tests.BaseTest - STEP: Validating download button presence
19:04:49.160 [main] INFO  com.take_home.tests.BaseTest - VALIDATION: Download button is present on the page
19:04:49.190 [main] INFO  com.take_home.config.DriverManager - Setting page load strategy from eager to normal
19:04:49.291 [main] INFO  com.take_home.config.DriverManager - Driver quit and reset to null
19:04:49.291 [main] INFO  com.take_home.tests.BaseTest - ==== COMPLETED TEST: testIFrameTabHandling() ====
19:04:49.293 [main] INFO  com.take_home.tests.BaseTest - ==== STARTING TEST: testRestApi() ====
19:04:49.293 [main] INFO  com.take_home.config.DriverManager - Initializing chrome driver with headless: true, page load strategy: normal.
19:04:49.716 [main] INFO  com.take_home.config.DriverManager - Driver initialized with implicit wait of 10 seconds.
19:04:49.717 [main] INFO  com.take_home.tests.BaseTest - STEP: Sending GET request to users endpoint
19:04:50.009 [main] INFO  com.take_home.tests.BaseTest - STEP: Parsing response to JSON format
19:04:50.015 [main] INFO  com.take_home.tests.BaseTest - STEP: Logging user names and emails
19:04:50.016 [main] INFO  com.take_home.tests.BaseTest - Leanne Graham | Sincere@april.biz
19:04:50.016 [main] INFO  com.take_home.tests.BaseTest - Ervin Howell | Shanna@melissa.tv
19:04:50.016 [main] INFO  com.take_home.tests.BaseTest - Clementine Bauch | Nathan@yesenia.net
19:04:50.016 [main] INFO  com.take_home.tests.BaseTest - Patricia Lebsack | Julianne.OConner@kory.org
19:04:50.017 [main] INFO  com.take_home.tests.BaseTest - Chelsey Dietrich | Lucio_Hettinger@annie.ca
19:04:50.017 [main] INFO  com.take_home.tests.BaseTest - Mrs. Dennis Schulist | Karley_Dach@jasper.info
19:04:50.017 [main] INFO  com.take_home.tests.BaseTest - Kurtis Weissnat | Telly.Hoeger@billy.biz
19:04:50.017 [main] INFO  com.take_home.tests.BaseTest - Nicholas Runolfsdottir V | Sherwood@rosamond.me
19:04:50.017 [main] INFO  com.take_home.tests.BaseTest - Glenna Reichert | Chaim_McDermott@dana.io
19:04:50.017 [main] INFO  com.take_home.tests.BaseTest - Clementina DuBuque | Rey.Padberg@karina.biz
19:04:50.017 [main] INFO  com.take_home.tests.BaseTest - STEP: Validating email format
19:04:50.017 [main] INFO  com.take_home.tests.BaseTest - VALIDATION: First user's email contains @ symbol
19:04:50.018 [main] INFO  com.take_home.tests.BaseTest - ==== COMPLETED TEST: testRestApi() ====
19:04:50.119 [main] INFO  com.take_home.config.DriverManager - Driver quit and reset to null
19:04:50.121 [main] INFO  com.take_home.tests.BaseTest - ==== STARTING TEST: testErrorMessagesAndFooter() ====
19:04:50.121 [main] INFO  com.take_home.config.DriverManager - Initializing chrome driver with headless: true, page load strategy: normal.
19:04:50.472 [main] INFO  com.take_home.config.DriverManager - Driver initialized with implicit wait of 10 seconds.
19:04:50.472 [main] INFO  com.take_home.tests.BaseTest - STEP: Opening login page
19:04:50.473 [main] INFO  com.take_home.pages.BasePage - Opening URL: https://www.saucedemo.com
19:04:50.875 [main] INFO  com.take_home.tests.BaseTest - STEP: Clicking login button without entering credentials
19:04:50.961 [main] INFO  com.take_home.tests.BaseTest - STEP: Validating error message
19:04:50.991 [main] INFO  com.take_home.tests.BaseTest - VALIDATION: Error message is displayed correctly
19:04:50.991 [main] INFO  com.take_home.tests.BaseTest - STEP: Logging in with valid credentials
19:04:51.219 [main] INFO  com.take_home.tests.BaseTest - STEP: Checking footer text
19:04:51.253 [main] INFO  com.take_home.tests.BaseTest - VALIDATION: Footer contains required information
19:04:51.254 [main] INFO  com.take_home.tests.BaseTest - ==== COMPLETED TEST: testErrorMessagesAndFooter() ====
19:04:51.354 [main] INFO  com.take_home.config.DriverManager - Driver quit and reset to null
19:09:25.954 [main] INFO  com.take_home.tests.BaseTest - ==== STARTING TEST: testPurchaseProcess() ====
19:09:25.956 [main] INFO  com.take_home.config.ConfigReader - Configuration loaded successfully with 9 properties
19:09:25.957 [main] WARN  com.take_home.config.DriverManager - Invalid page load strategy: normal, using default: {}.
19:09:25.957 [main] INFO  com.take_home.config.DriverManager - Initializing chrome driver with headless: true, page load strategy: normal.
19:09:26.656 [main] ERROR io.github.bonigarcia.wdm.online.HttpClient - Error HTTP 404 executing https://chromedriver.storage.googleapis.com/LATEST_RELEASE_136
19:09:26.656 [main] WARN  io.github.bonigarcia.wdm.versions.VersionDetector - Exception reading https://chromedriver.storage.googleapis.com/LATEST_RELEASE_136 to get latest version of chromedriver (Error HTTP 404 executing https://chromedriver.storage.googleapis.com/LATEST_RELEASE_136)
19:09:26.737 [main] INFO  io.github.bonigarcia.wdm.WebDriverManager - Exporting webdriver.chrome.driver as /home/dev/.cache/selenium/chromedriver/linux64/114.0.5735.90/chromedriver
19:09:26.737 [main] INFO  com.take_home.config.DriverManager - Chrome driver set up automatically with WebDriverManager
19:09:27.269 [main] INFO  com.take_home.tests.BaseTest - ==== COMPLETED TEST: testPurchaseProcess() ====
19:09:27.276 [main] INFO  com.take_home.tests.BaseTest - ==== STARTING TEST: testRichTextEditor() ====
19:09:27.276 [main] INFO  com.take_home.config.DriverManager - Initializing chrome driver with headless: true, page load strategy: normal.
19:09:27.569 [main] ERROR io.github.bonigarcia.wdm.online.HttpClient - Error HTTP 404 executing https://chromedriver.storage.googleapis.com/LATEST_RELEASE_136
19:09:27.569 [main] WARN  io.github.bonigarcia.wdm.versions.VersionDetector - Exception reading https://chromedriver.storage.googleapis.com/LATEST_RELEASE_136 to get latest version of chromedriver (Error HTTP 404 executing https://chromedriver.storage.googleapis.com/LATEST_RELEASE_136)
19:09:27.643 [main] INFO  io.github.bonigarcia.wdm.WebDriverManager - Exporting webdriver.chrome.driver as /home/dev/.cache/selenium/chromedriver/linux64/114.0.5735.90/chromedriver
19:09:27.644 [main] INFO  com.take_home.config.DriverManager - Chrome driver set up automatically with WebDriverManager
19:09:27.911 [main] INFO  com.take_home.tests.BaseTest - ==== COMPLETED TEST: testRichTextEditor() ====
19:09:27.914 [main] INFO  com.take_home.tests.BaseTest - ==== STARTING TEST: testIFrameTabHandling() ====
19:09:27.914 [main] INFO  com.take_home.config.DriverManager - Initializing chrome driver with headless: true, page load strategy: normal.
19:09:28.265 [main] ERROR io.github.bonigarcia.wdm.online.HttpClient - Error HTTP 404 executing https://chromedriver.storage.googleapis.com/LATEST_RELEASE_136
19:09:28.265 [main] WARN  io.github.bonigarcia.wdm.versions.VersionDetector - Exception reading https://chromedriver.storage.googleapis.com/LATEST_RELEASE_136 to get latest version of chromedriver (Error HTTP 404 executing https://chromedriver.storage.googleapis.com/LATEST_RELEASE_136)
19:09:28.344 [main] INFO  io.github.bonigarcia.wdm.WebDriverManager - Exporting webdriver.chrome.driver as /home/dev/.cache/selenium/chromedriver/linux64/114.0.5735.90/chromedriver
19:09:28.345 [main] INFO  com.take_home.config.DriverManager - Chrome driver set up automatically with WebDriverManager
19:09:28.610 [main] INFO  com.take_home.config.DriverManager - Setting page load strategy from normal to normal
19:09:28.611 [main] INFO  com.take_home.tests.BaseTest - ==== COMPLETED TEST: testIFrameTabHandling() ====
19:09:28.613 [main] INFO  com.take_home.tests.BaseTest - ==== STARTING TEST: testRestApi() ====
19:09:28.613 [main] INFO  com.take_home.config.DriverManager - Initializing chrome driver with headless: true, page load strategy: normal.
19:09:28.907 [main] ERROR io.github.bonigarcia.wdm.online.HttpClient - Error HTTP 404 executing https://chromedriver.storage.googleapis.com/LATEST_RELEASE_136
19:09:28.908 [main] WARN  io.github.bonigarcia.wdm.versions.VersionDetector - Exception reading https://chromedriver.storage.googleapis.com/LATEST_RELEASE_136 to get latest version of chromedriver (Error HTTP 404 executing https://chromedriver.storage.googleapis.com/LATEST_RELEASE_136)
19:09:28.993 [main] INFO  io.github.bonigarcia.wdm.WebDriverManager - Exporting webdriver.chrome.driver as /home/dev/.cache/selenium/chromedriver/linux64/114.0.5735.90/chromedriver
19:09:28.993 [main] INFO  com.take_home.config.DriverManager - Chrome driver set up automatically with WebDriverManager
19:09:29.258 [main] INFO  com.take_home.tests.BaseTest - ==== COMPLETED TEST: testRestApi() ====
19:09:29.260 [main] INFO  com.take_home.tests.BaseTest - ==== STARTING TEST: testErrorMessagesAndFooter() ====
19:09:29.260 [main] INFO  com.take_home.config.DriverManager - Initializing chrome driver with headless: true, page load strategy: normal.
19:09:29.552 [main] ERROR io.github.bonigarcia.wdm.online.HttpClient - Error HTTP 404 executing https://chromedriver.storage.googleapis.com/LATEST_RELEASE_136
19:09:29.552 [main] WARN  io.github.bonigarcia.wdm.versions.VersionDetector - Exception reading https://chromedriver.storage.googleapis.com/LATEST_RELEASE_136 to get latest version of chromedriver (Error HTTP 404 executing https://chromedriver.storage.googleapis.com/LATEST_RELEASE_136)
19:09:29.628 [main] INFO  io.github.bonigarcia.wdm.WebDriverManager - Exporting webdriver.chrome.driver as /home/dev/.cache/selenium/chromedriver/linux64/114.0.5735.90/chromedriver
19:09:29.628 [main] INFO  com.take_home.config.DriverManager - Chrome driver set up automatically with WebDriverManager
19:09:29.892 [main] INFO  com.take_home.tests.BaseTest - ==== COMPLETED TEST: testErrorMessagesAndFooter() ====
19:50:36.008 [main] INFO  com.take_home.tests.BaseTest - ==== STARTING TEST: testPurchaseProcess() ====
19:50:36.010 [main] INFO  com.take_home.config.ConfigReader - Configuration loaded successfully with 9 properties
19:50:36.011 [main] WARN  com.take_home.config.DriverManager - Invalid page load strategy: normal, using default: {}.
19:50:36.011 [main] INFO  com.take_home.config.DriverManager - Initializing chrome driver with headless: true, page load strategy: normal.
19:50:36.855 [main] ERROR io.github.bonigarcia.wdm.online.HttpClient - Error HTTP 404 executing https://chromedriver.storage.googleapis.com/LATEST_RELEASE_136
19:50:36.855 [main] WARN  io.github.bonigarcia.wdm.versions.VersionDetector - Exception reading https://chromedriver.storage.googleapis.com/LATEST_RELEASE_136 to get latest version of chromedriver (Error HTTP 404 executing https://chromedriver.storage.googleapis.com/LATEST_RELEASE_136)
19:50:36.937 [main] INFO  io.github.bonigarcia.wdm.WebDriverManager - Exporting webdriver.chrome.driver as /home/dev/.cache/selenium/chromedriver/linux64/114.0.5735.90/chromedriver
19:50:36.938 [main] INFO  com.take_home.config.DriverManager - Chrome driver setup complete
19:50:37.234 [main] ERROR io.github.bonigarcia.wdm.online.HttpClient - Error HTTP 404 executing https://chromedriver.storage.googleapis.com/LATEST_RELEASE_136
19:50:37.234 [main] WARN  io.github.bonigarcia.wdm.versions.VersionDetector - Exception reading https://chromedriver.storage.googleapis.com/LATEST_RELEASE_136 to get latest version of chromedriver (Error HTTP 404 executing https://chromedriver.storage.googleapis.com/LATEST_RELEASE_136)
19:50:37.318 [main] INFO  io.github.bonigarcia.wdm.WebDriverManager - Exporting webdriver.chrome.driver as /home/dev/.cache/selenium/chromedriver/linux64/114.0.5735.90/chromedriver
19:50:37.318 [main] INFO  com.take_home.config.DriverManager - Chrome driver set up automatically with WebDriverManager
19:50:37.886 [main] INFO  com.take_home.tests.BaseTest - ==== COMPLETED TEST: testPurchaseProcess() ====
19:50:37.892 [main] INFO  com.take_home.tests.BaseTest - ==== STARTING TEST: testRichTextEditor() ====
19:50:37.892 [main] INFO  com.take_home.config.DriverManager - Initializing chrome driver with headless: true, page load strategy: normal.
19:50:38.190 [main] ERROR io.github.bonigarcia.wdm.online.HttpClient - Error HTTP 404 executing https://chromedriver.storage.googleapis.com/LATEST_RELEASE_136
19:50:38.190 [main] WARN  io.github.bonigarcia.wdm.versions.VersionDetector - Exception reading https://chromedriver.storage.googleapis.com/LATEST_RELEASE_136 to get latest version of chromedriver (Error HTTP 404 executing https://chromedriver.storage.googleapis.com/LATEST_RELEASE_136)
19:50:38.267 [main] INFO  io.github.bonigarcia.wdm.WebDriverManager - Exporting webdriver.chrome.driver as /home/dev/.cache/selenium/chromedriver/linux64/114.0.5735.90/chromedriver
19:50:38.267 [main] INFO  com.take_home.config.DriverManager - Chrome driver setup complete
19:50:38.551 [main] ERROR io.github.bonigarcia.wdm.online.HttpClient - Error HTTP 404 executing https://chromedriver.storage.googleapis.com/LATEST_RELEASE_136
19:50:38.552 [main] WARN  io.github.bonigarcia.wdm.versions.VersionDetector - Exception reading https://chromedriver.storage.googleapis.com/LATEST_RELEASE_136 to get latest version of chromedriver (Error HTTP 404 executing https://chromedriver.storage.googleapis.com/LATEST_RELEASE_136)
19:50:38.627 [main] INFO  io.github.bonigarcia.wdm.WebDriverManager - Exporting webdriver.chrome.driver as /home/dev/.cache/selenium/chromedriver/linux64/114.0.5735.90/chromedriver
19:50:38.627 [main] INFO  com.take_home.config.DriverManager - Chrome driver set up automatically with WebDriverManager
19:50:38.893 [main] INFO  com.take_home.tests.BaseTest - ==== COMPLETED TEST: testRichTextEditor() ====
19:50:38.895 [main] INFO  com.take_home.tests.BaseTest - ==== STARTING TEST: testIFrameTabHandling() ====
19:50:38.895 [main] INFO  com.take_home.config.DriverManager - Initializing chrome driver with headless: true, page load strategy: normal.
19:50:39.171 [main] ERROR io.github.bonigarcia.wdm.online.HttpClient - Error HTTP 404 executing https://chromedriver.storage.googleapis.com/LATEST_RELEASE_136
19:50:39.172 [main] WARN  io.github.bonigarcia.wdm.versions.VersionDetector - Exception reading https://chromedriver.storage.googleapis.com/LATEST_RELEASE_136 to get latest version of chromedriver (Error HTTP 404 executing https://chromedriver.storage.googleapis.com/LATEST_RELEASE_136)
19:50:39.265 [main] INFO  io.github.bonigarcia.wdm.WebDriverManager - Exporting webdriver.chrome.driver as /home/dev/.cache/selenium/chromedriver/linux64/114.0.5735.90/chromedriver
19:50:39.265 [main] INFO  com.take_home.config.DriverManager - Chrome driver setup complete
19:50:39.544 [main] ERROR io.github.bonigarcia.wdm.online.HttpClient - Error HTTP 404 executing https://chromedriver.storage.googleapis.com/LATEST_RELEASE_136
19:50:39.544 [main] WARN  io.github.bonigarcia.wdm.versions.VersionDetector - Exception reading https://chromedriver.storage.googleapis.com/LATEST_RELEASE_136 to get latest version of chromedriver (Error HTTP 404 executing https://chromedriver.storage.googleapis.com/LATEST_RELEASE_136)
19:50:39.618 [main] INFO  io.github.bonigarcia.wdm.WebDriverManager - Exporting webdriver.chrome.driver as /home/dev/.cache/selenium/chromedriver/linux64/114.0.5735.90/chromedriver
19:50:39.618 [main] INFO  com.take_home.config.DriverManager - Chrome driver set up automatically with WebDriverManager
19:50:39.884 [main] INFO  com.take_home.config.DriverManager - Setting page load strategy from normal to normal
19:50:39.884 [main] INFO  com.take_home.tests.BaseTest - ==== COMPLETED TEST: testIFrameTabHandling() ====
19:50:39.886 [main] INFO  com.take_home.tests.BaseTest - ==== STARTING TEST: testRestApi() ====
19:50:39.887 [main] INFO  com.take_home.config.DriverManager - Initializing chrome driver with headless: true, page load strategy: normal.
19:50:40.178 [main] ERROR io.github.bonigarcia.wdm.online.HttpClient - Error HTTP 404 executing https://chromedriver.storage.googleapis.com/LATEST_RELEASE_136
19:50:40.178 [main] WARN  io.github.bonigarcia.wdm.versions.VersionDetector - Exception reading https://chromedriver.storage.googleapis.com/LATEST_RELEASE_136 to get latest version of chromedriver (Error HTTP 404 executing https://chromedriver.storage.googleapis.com/LATEST_RELEASE_136)
19:50:40.266 [main] INFO  io.github.bonigarcia.wdm.WebDriverManager - Exporting webdriver.chrome.driver as /home/dev/.cache/selenium/chromedriver/linux64/114.0.5735.90/chromedriver
19:50:40.267 [main] INFO  com.take_home.config.DriverManager - Chrome driver setup complete
19:50:40.642 [main] ERROR io.github.bonigarcia.wdm.online.HttpClient - Error HTTP 404 executing https://chromedriver.storage.googleapis.com/LATEST_RELEASE_136
19:50:40.642 [main] WARN  io.github.bonigarcia.wdm.versions.VersionDetector - Exception reading https://chromedriver.storage.googleapis.com/LATEST_RELEASE_136 to get latest version of chromedriver (Error HTTP 404 executing https://chromedriver.storage.googleapis.com/LATEST_RELEASE_136)
19:50:40.738 [main] INFO  io.github.bonigarcia.wdm.WebDriverManager - Exporting webdriver.chrome.driver as /home/dev/.cache/selenium/chromedriver/linux64/114.0.5735.90/chromedriver
19:50:40.738 [main] INFO  com.take_home.config.DriverManager - Chrome driver set up automatically with WebDriverManager
19:50:41.003 [main] INFO  com.take_home.tests.BaseTest - ==== COMPLETED TEST: testRestApi() ====
19:50:41.005 [main] INFO  com.take_home.tests.BaseTest - ==== STARTING TEST: testErrorMessagesAndFooter() ====
19:50:41.006 [main] INFO  com.take_home.config.DriverManager - Initializing chrome driver with headless: true, page load strategy: normal.
19:50:41.282 [main] ERROR io.github.bonigarcia.wdm.online.HttpClient - Error HTTP 404 executing https://chromedriver.storage.googleapis.com/LATEST_RELEASE_136
19:50:41.282 [main] WARN  io.github.bonigarcia.wdm.versions.VersionDetector - Exception reading https://chromedriver.storage.googleapis.com/LATEST_RELEASE_136 to get latest version of chromedriver (Error HTTP 404 executing https://chromedriver.storage.googleapis.com/LATEST_RELEASE_136)
19:50:41.354 [main] INFO  io.github.bonigarcia.wdm.WebDriverManager - Exporting webdriver.chrome.driver as /home/dev/.cache/selenium/chromedriver/linux64/114.0.5735.90/chromedriver
19:50:41.354 [main] INFO  com.take_home.config.DriverManager - Chrome driver setup complete
19:50:41.631 [main] ERROR io.github.bonigarcia.wdm.online.HttpClient - Error HTTP 404 executing https://chromedriver.storage.googleapis.com/LATEST_RELEASE_136
19:50:41.631 [main] WARN  io.github.bonigarcia.wdm.versions.VersionDetector - Exception reading https://chromedriver.storage.googleapis.com/LATEST_RELEASE_136 to get latest version of chromedriver (Error HTTP 404 executing https://chromedriver.storage.googleapis.com/LATEST_RELEASE_136)
19:50:41.716 [main] INFO  io.github.bonigarcia.wdm.WebDriverManager - Exporting webdriver.chrome.driver as /home/dev/.cache/selenium/chromedriver/linux64/114.0.5735.90/chromedriver
19:50:41.716 [main] INFO  com.take_home.config.DriverManager - Chrome driver set up automatically with WebDriverManager
19:50:41.982 [main] INFO  com.take_home.tests.BaseTest - ==== COMPLETED TEST: testErrorMessagesAndFooter() ====
19:52:15.484 [main] INFO  com.take_home.tests.BaseTest - ==== STARTING TEST: testPurchaseProcess() ====
19:52:15.487 [main] INFO  com.take_home.config.ConfigReader - Configuration loaded successfully with 9 properties
19:52:15.487 [main] WARN  com.take_home.config.DriverManager - Invalid page load strategy: normal, using default: {}.
19:52:15.487 [main] INFO  com.take_home.config.DriverManager - Initializing chrome driver with headless: true, page load strategy: normal.
19:52:16.259 [main] ERROR io.github.bonigarcia.wdm.online.HttpClient - Error HTTP 404 executing https://chromedriver.storage.googleapis.com/LATEST_RELEASE_136
19:52:16.259 [main] WARN  io.github.bonigarcia.wdm.versions.VersionDetector - Exception reading https://chromedriver.storage.googleapis.com/LATEST_RELEASE_136 to get latest version of chromedriver (Error HTTP 404 executing https://chromedriver.storage.googleapis.com/LATEST_RELEASE_136)
19:52:16.347 [main] INFO  io.github.bonigarcia.wdm.WebDriverManager - Exporting webdriver.chrome.driver as /home/dev/.cache/selenium/chromedriver/linux64/114.0.5735.90/chromedriver
19:52:16.348 [main] INFO  com.take_home.config.DriverManager - Chrome driver setup complete
19:52:16.918 [main] INFO  com.take_home.tests.BaseTest - ==== COMPLETED TEST: testPurchaseProcess() ====
19:52:16.925 [main] INFO  com.take_home.tests.BaseTest - ==== STARTING TEST: testRichTextEditor() ====
19:52:16.925 [main] INFO  com.take_home.config.DriverManager - Initializing chrome driver with headless: true, page load strategy: normal.
19:52:17.218 [main] ERROR io.github.bonigarcia.wdm.online.HttpClient - Error HTTP 404 executing https://chromedriver.storage.googleapis.com/LATEST_RELEASE_136
19:52:17.218 [main] WARN  io.github.bonigarcia.wdm.versions.VersionDetector - Exception reading https://chromedriver.storage.googleapis.com/LATEST_RELEASE_136 to get latest version of chromedriver (Error HTTP 404 executing https://chromedriver.storage.googleapis.com/LATEST_RELEASE_136)
19:52:17.298 [main] INFO  io.github.bonigarcia.wdm.WebDriverManager - Exporting webdriver.chrome.driver as /home/dev/.cache/selenium/chromedriver/linux64/114.0.5735.90/chromedriver
19:52:17.298 [main] INFO  com.take_home.config.DriverManager - Chrome driver setup complete
19:52:17.562 [main] INFO  com.take_home.tests.BaseTest - ==== COMPLETED TEST: testRichTextEditor() ====
19:52:17.565 [main] INFO  com.take_home.tests.BaseTest - ==== STARTING TEST: testIFrameTabHandling() ====
19:52:17.565 [main] INFO  com.take_home.config.DriverManager - Initializing chrome driver with headless: true, page load strategy: normal.
19:52:17.862 [main] ERROR io.github.bonigarcia.wdm.online.HttpClient - Error HTTP 404 executing https://chromedriver.storage.googleapis.com/LATEST_RELEASE_136
19:52:17.863 [main] WARN  io.github.bonigarcia.wdm.versions.VersionDetector - Exception reading https://chromedriver.storage.googleapis.com/LATEST_RELEASE_136 to get latest version of chromedriver (Error HTTP 404 executing https://chromedriver.storage.googleapis.com/LATEST_RELEASE_136)
19:52:17.948 [main] INFO  io.github.bonigarcia.wdm.WebDriverManager - Exporting webdriver.chrome.driver as /home/dev/.cache/selenium/chromedriver/linux64/114.0.5735.90/chromedriver
19:52:17.948 [main] INFO  com.take_home.config.DriverManager - Chrome driver setup complete
19:52:18.215 [main] INFO  com.take_home.config.DriverManager - Setting page load strategy from normal to normal
19:52:18.215 [main] INFO  com.take_home.tests.BaseTest - ==== COMPLETED TEST: testIFrameTabHandling() ====
19:52:18.217 [main] INFO  com.take_home.tests.BaseTest - ==== STARTING TEST: testRestApi() ====
19:52:18.217 [main] INFO  com.take_home.config.DriverManager - Initializing chrome driver with headless: true, page load strategy: normal.
19:52:18.505 [main] ERROR io.github.bonigarcia.wdm.online.HttpClient - Error HTTP 404 executing https://chromedriver.storage.googleapis.com/LATEST_RELEASE_136
19:52:18.505 [main] WARN  io.github.bonigarcia.wdm.versions.VersionDetector - Exception reading https://chromedriver.storage.googleapis.com/LATEST_RELEASE_136 to get latest version of chromedriver (Error HTTP 404 executing https://chromedriver.storage.googleapis.com/LATEST_RELEASE_136)
19:52:18.578 [main] INFO  io.github.bonigarcia.wdm.WebDriverManager - Exporting webdriver.chrome.driver as /home/dev/.cache/selenium/chromedriver/linux64/114.0.5735.90/chromedriver
19:52:18.578 [main] INFO  com.take_home.config.DriverManager - Chrome driver setup complete
19:52:18.843 [main] INFO  com.take_home.tests.BaseTest - ==== COMPLETED TEST: testRestApi() ====
19:52:18.846 [main] INFO  com.take_home.tests.BaseTest - ==== STARTING TEST: testErrorMessagesAndFooter() ====
19:52:18.847 [main] INFO  com.take_home.config.DriverManager - Initializing chrome driver with headless: true, page load strategy: normal.
19:52:19.131 [main] ERROR io.github.bonigarcia.wdm.online.HttpClient - Error HTTP 404 executing https://chromedriver.storage.googleapis.com/LATEST_RELEASE_136
19:52:19.131 [main] WARN  io.github.bonigarcia.wdm.versions.VersionDetector - Exception reading https://chromedriver.storage.googleapis.com/LATEST_RELEASE_136 to get latest version of chromedriver (Error HTTP 404 executing https://chromedriver.storage.googleapis.com/LATEST_RELEASE_136)
19:52:19.216 [main] INFO  io.github.bonigarcia.wdm.WebDriverManager - Exporting webdriver.chrome.driver as /home/dev/.cache/selenium/chromedriver/linux64/114.0.5735.90/chromedriver
19:52:19.216 [main] INFO  com.take_home.config.DriverManager - Chrome driver setup complete
19:52:19.481 [main] INFO  com.take_home.tests.BaseTest - ==== COMPLETED TEST: testErrorMessagesAndFooter() ====
19:54:34.847 [main] INFO  com.take_home.tests.BaseTest - ==== STARTING TEST: testPurchaseProcess() ====
19:54:34.850 [main] INFO  com.take_home.config.ConfigReader - Configuration loaded successfully with 9 properties
19:54:34.850 [main] WARN  com.take_home.config.DriverManager - Invalid page load strategy: normal, using default: {}.
19:54:34.850 [main] INFO  com.take_home.config.DriverManager - Initializing chrome driver with headless: true, page load strategy: normal.
19:54:35.519 [main] INFO  io.github.bonigarcia.wdm.WebDriverManager - Using chromedriver 136.0.7103.92 (resolved driver for Chrome 136)
19:54:35.558 [main] INFO  io.github.bonigarcia.wdm.online.Downloader - Downloading https://storage.googleapis.com/chrome-for-testing-public/136.0.7103.92/linux64/chromedriver-linux64.zip
19:54:35.874 [main] INFO  io.github.bonigarcia.wdm.online.Downloader - Extracting driver from compressed file chromedriver-linux64.zip
19:54:35.977 [main] INFO  io.github.bonigarcia.wdm.WebDriverManager - Exporting webdriver.chrome.driver as /home/dev/.cache/selenium/chromedriver/linux64/136.0.7103.92/chromedriver
19:54:35.978 [main] INFO  com.take_home.config.DriverManager - Chrome driver setup complete
19:54:36.626 [main] INFO  com.take_home.config.DriverManager - Driver initialized with implicit wait of 10 seconds.
19:54:36.627 [main] INFO  com.take_home.tests.BaseTest - STEP: Reading credentials from JSON file
19:54:36.714 [main] INFO  com.take_home.tests.BaseTest - STEP: Opening login page and logging in
19:54:36.724 [main] INFO  com.take_home.pages.BasePage - Opening URL: https://www.saucedemo.com
19:54:42.466 [main] INFO  com.take_home.tests.BaseTest - STEP: Adding items to cart
19:54:42.576 [main] INFO  com.take_home.tests.BaseTest - STEP: Validating cart item count
19:54:42.576 [main] INFO  com.take_home.tests.BaseTest - VALIDATION: Cart contains exactly 2 items
19:54:42.606 [main] INFO  com.take_home.tests.BaseTest - STEP: Proceeding to checkout
19:54:42.730 [main] INFO  com.take_home.tests.BaseTest - STEP: Completing checkout process
19:54:43.089 [main] INFO  com.take_home.tests.BaseTest - STEP: Validating order confirmation
19:54:43.115 [main] INFO  com.take_home.tests.BaseTest - VALIDATION: Order confirmation message is correct
19:54:43.117 [main] INFO  com.take_home.tests.BaseTest - ==== COMPLETED TEST: testPurchaseProcess() ====
19:54:43.224 [main] INFO  com.take_home.config.DriverManager - Driver quit and reset to null
19:54:43.229 [main] INFO  com.take_home.tests.BaseTest - ==== STARTING TEST: testRichTextEditor() ====
19:54:43.229 [main] INFO  com.take_home.config.DriverManager - Initializing chrome driver with headless: true, page load strategy: normal.
19:54:43.264 [main] INFO  io.github.bonigarcia.wdm.WebDriverManager - Using chromedriver 136.0.7103.92 (resolved driver for Chrome 136)
19:54:43.267 [main] INFO  io.github.bonigarcia.wdm.WebDriverManager - Exporting webdriver.chrome.driver as /home/dev/.cache/selenium/chromedriver/linux64/136.0.7103.92/chromedriver
19:54:43.267 [main] INFO  com.take_home.config.DriverManager - Chrome driver setup complete
19:54:43.638 [main] INFO  com.take_home.config.DriverManager - Driver initialized with implicit wait of 10 seconds.
19:54:43.638 [main] INFO  com.take_home.tests.BaseTest - STEP: Opening rich text editor
19:54:43.639 [main] INFO  com.take_home.pages.BasePage - Opening URL: https://onlinehtmleditor.dev
19:54:44.637 [main] INFO  com.take_home.tests.BaseTest - STEP: Applying bold formatting and typing 'Automation'
19:54:45.529 [main] INFO  com.take_home.tests.BaseTest - STEP: Adding space between formatted texts
19:54:45.608 [main] INFO  com.take_home.tests.BaseTest - STEP: Applying underline formatting and typing 'Test'
19:54:45.875 [main] INFO  com.take_home.tests.BaseTest - STEP: Adding final text 'Example'
19:54:45.984 [main] INFO  com.take_home.tests.BaseTest - STEP: Validating formatted content
19:54:45.989 [main] INFO  com.take_home.tests.BaseTest - VALIDATION: Bold formatting is applied correctly
19:54:45.990 [main] INFO  com.take_home.tests.BaseTest - VALIDATION: Underline formatting is applied correctly
19:54:45.991 [main] INFO  com.take_home.tests.BaseTest - ==== COMPLETED TEST: testRichTextEditor() ====
19:54:46.092 [main] INFO  com.take_home.config.DriverManager - Driver quit and reset to null
19:54:46.094 [main] INFO  com.take_home.tests.BaseTest - ==== STARTING TEST: testIFrameTabHandling() ====
19:54:46.094 [main] INFO  com.take_home.config.DriverManager - Initializing chrome driver with headless: true, page load strategy: normal.
19:54:46.100 [main] INFO  io.github.bonigarcia.wdm.WebDriverManager - Using chromedriver 136.0.7103.92 (resolved driver for Chrome 136)
19:54:46.102 [main] INFO  io.github.bonigarcia.wdm.WebDriverManager - Exporting webdriver.chrome.driver as /home/dev/.cache/selenium/chromedriver/linux64/136.0.7103.92/chromedriver
19:54:46.103 [main] INFO  com.take_home.config.DriverManager - Chrome driver setup complete
19:54:46.455 [main] INFO  com.take_home.config.DriverManager - Driver initialized with implicit wait of 10 seconds.
19:54:46.456 [main] INFO  com.take_home.config.DriverManager - Setting page load strategy from normal to eager
19:54:46.557 [main] INFO  com.take_home.config.DriverManager - Driver quit and reset to null
19:54:46.557 [main] INFO  com.take_home.config.DriverManager - Initializing chrome driver with headless: true, page load strategy: eager.
19:54:46.561 [main] INFO  io.github.bonigarcia.wdm.WebDriverManager - Using chromedriver 136.0.7103.92 (resolved driver for Chrome 136)
19:54:46.564 [main] INFO  io.github.bonigarcia.wdm.WebDriverManager - Exporting webdriver.chrome.driver as /home/dev/.cache/selenium/chromedriver/linux64/136.0.7103.92/chromedriver
19:54:46.564 [main] INFO  com.take_home.config.DriverManager - Chrome driver setup complete
19:54:46.995 [main] INFO  com.take_home.config.DriverManager - Driver initialized with implicit wait of 10 seconds.
19:54:46.995 [main] INFO  com.take_home.tests.BaseTest - Page load strategy set to EAGER for this test.
19:54:46.995 [main] INFO  com.take_home.tests.BaseTest - STEP: Opening Guru99 home page
19:54:46.996 [main] INFO  com.take_home.pages.GuruPage - Opening URL: https://demo.guru99.com/test/guru99home
19:54:47.441 [main] INFO  com.take_home.tests.BaseTest - STEP: Attempting to interact with iframe
19:54:47.573 [main] INFO  com.take_home.pages.GuruPage - Switched to iframe by ID
19:54:48.202 [main] INFO  com.take_home.pages.GuruPage - Clicked iframe image using @FindBy locator
19:54:48.205 [main] INFO  com.take_home.tests.BaseTest - STEP: Handling new tab after iframe interaction
19:54:48.215 [main] INFO  com.take_home.pages.GuruPage - Switched to new tab
19:54:48.216 [main] INFO  com.take_home.pages.GuruPage - Number of tabs open: 2
19:54:48.225 [main] INFO  com.take_home.pages.GuruPage - Closed tab and switched to main window
19:54:48.225 [main] INFO  com.take_home.tests.BaseTest - STEP: Submitting email for validation
19:54:48.419 [main] INFO  com.take_home.tests.BaseTest - STEP: Validating alert message
19:54:48.445 [main] INFO  com.take_home.tests.BaseTest - VALIDATION: Alert text contains 'Successfully'
19:54:48.445 [main] INFO  com.take_home.tests.BaseTest - STEP: Navigating to tooltip page
19:54:48.947 [main] INFO  com.take_home.tests.BaseTest - STEP: Validating download button presence
19:54:48.948 [main] INFO  com.take_home.tests.BaseTest - VALIDATION: Download button is present on the page
19:54:48.975 [main] INFO  com.take_home.config.DriverManager - Setting page load strategy from eager to normal
19:54:49.081 [main] INFO  com.take_home.config.DriverManager - Driver quit and reset to null
19:54:49.081 [main] INFO  com.take_home.tests.BaseTest - ==== COMPLETED TEST: testIFrameTabHandling() ====
19:54:49.083 [main] INFO  com.take_home.tests.BaseTest - ==== STARTING TEST: testRestApi() ====
19:54:49.083 [main] INFO  com.take_home.config.DriverManager - Initializing chrome driver with headless: true, page load strategy: normal.
19:54:49.087 [main] INFO  io.github.bonigarcia.wdm.WebDriverManager - Using chromedriver 136.0.7103.92 (resolved driver for Chrome 136)
19:54:49.088 [main] INFO  io.github.bonigarcia.wdm.WebDriverManager - Exporting webdriver.chrome.driver as /home/dev/.cache/selenium/chromedriver/linux64/136.0.7103.92/chromedriver
19:54:49.088 [main] INFO  com.take_home.config.DriverManager - Chrome driver setup complete
19:54:49.455 [main] INFO  com.take_home.config.DriverManager - Driver initialized with implicit wait of 10 seconds.
19:54:49.455 [main] INFO  com.take_home.tests.BaseTest - STEP: Sending GET request to users endpoint
19:54:49.699 [main] INFO  com.take_home.tests.BaseTest - STEP: Parsing response to JSON format
19:54:49.706 [main] INFO  com.take_home.tests.BaseTest - STEP: Logging user names and emails
19:54:49.707 [main] INFO  com.take_home.tests.BaseTest - Leanne Graham | Sincere@april.biz
19:54:49.707 [main] INFO  com.take_home.tests.BaseTest - Ervin Howell | Shanna@melissa.tv
19:54:49.707 [main] INFO  com.take_home.tests.BaseTest - Clementine Bauch | Nathan@yesenia.net
19:54:49.707 [main] INFO  com.take_home.tests.BaseTest - Patricia Lebsack | Julianne.OConner@kory.org
19:54:49.707 [main] INFO  com.take_home.tests.BaseTest - Chelsey Dietrich | Lucio_Hettinger@annie.ca
19:54:49.707 [main] INFO  com.take_home.tests.BaseTest - Mrs. Dennis Schulist | Karley_Dach@jasper.info
19:54:49.708 [main] INFO  com.take_home.tests.BaseTest - Kurtis Weissnat | Telly.Hoeger@billy.biz
19:54:49.708 [main] INFO  com.take_home.tests.BaseTest - Nicholas Runolfsdottir V | Sherwood@rosamond.me
19:54:49.708 [main] INFO  com.take_home.tests.BaseTest - Glenna Reichert | Chaim_McDermott@dana.io
19:54:49.708 [main] INFO  com.take_home.tests.BaseTest - Clementina DuBuque | Rey.Padberg@karina.biz
19:54:49.708 [main] INFO  com.take_home.tests.BaseTest - STEP: Validating email format
19:54:49.708 [main] INFO  com.take_home.tests.BaseTest - VALIDATION: First user's email contains @ symbol
19:54:49.708 [main] INFO  com.take_home.tests.BaseTest - ==== COMPLETED TEST: testRestApi() ====
19:54:49.809 [main] INFO  com.take_home.config.DriverManager - Driver quit and reset to null
19:54:49.811 [main] INFO  com.take_home.tests.BaseTest - ==== STARTING TEST: testErrorMessagesAndFooter() ====
19:54:49.812 [main] INFO  com.take_home.config.DriverManager - Initializing chrome driver with headless: true, page load strategy: normal.
19:54:49.816 [main] INFO  io.github.bonigarcia.wdm.WebDriverManager - Using chromedriver 136.0.7103.92 (resolved driver for Chrome 136)
19:54:49.818 [main] INFO  io.github.bonigarcia.wdm.WebDriverManager - Exporting webdriver.chrome.driver as /home/dev/.cache/selenium/chromedriver/linux64/136.0.7103.92/chromedriver
19:54:49.818 [main] INFO  com.take_home.config.DriverManager - Chrome driver setup complete
19:54:50.214 [main] INFO  com.take_home.config.DriverManager - Driver initialized with implicit wait of 10 seconds.
19:54:50.214 [main] INFO  com.take_home.tests.BaseTest - STEP: Opening login page
19:54:50.215 [main] INFO  com.take_home.pages.BasePage - Opening URL: https://www.saucedemo.com
19:54:50.648 [main] INFO  com.take_home.tests.BaseTest - STEP: Clicking login button without entering credentials
19:54:50.725 [main] INFO  com.take_home.tests.BaseTest - STEP: Validating error message
19:54:50.757 [main] INFO  com.take_home.tests.BaseTest - VALIDATION: Error message is displayed correctly
19:54:50.757 [main] INFO  com.take_home.tests.BaseTest - STEP: Logging in with valid credentials
19:54:50.986 [main] INFO  com.take_home.tests.BaseTest - STEP: Checking footer text
19:54:51.022 [main] INFO  com.take_home.tests.BaseTest - VALIDATION: Footer contains required information
19:54:51.022 [main] INFO  com.take_home.tests.BaseTest - ==== COMPLETED TEST: testErrorMessagesAndFooter() ====
19:54:51.123 [main] INFO  com.take_home.config.DriverManager - Driver quit and reset to null
